<?xml version="1.0" encoding="UTF-8"?>
<!-- Generated by org.testng.reporters.JUnitXMLReporter -->
<testsuite hostname="LAPTOP-TLEH141H" name="Default test" tests="7" failures="0" timestamp="5 Mar 2020 20:44:29 GMT" time="11.535" errors="0">
  <testcase name="POST_createsession" time="2.639" classname="B2BAutomation.CAPEXTest"/>
  <testcase name="get_balance" time="1.027" classname="B2BAutomation.CAPEXTest"/>
  <testcase name="get_catalog" time="0.847" classname="B2BAutomation.CAPEXTest"/>
  <testcase name="put_createorder" time="1.658" classname="B2BAutomation.CAPEXTest"/>
  <testcase name="post_confirmorder" time="3.376" classname="B2BAutomation.CAPEXTest"/>
  <testcase name="get_order_details" time="1.045" classname="B2BAutomation.CAPEXTest"/>
  <testcase name="post_suggestedrate" time="0.722" classname="B2BAutomation.CAPEXTest"/>
</testsuite> <!-- Default test -->
