<?xml version="1.0" encoding="UTF-8"?>
<!-- Generated by org.testng.reporters.JUnitXMLReporter -->
<testsuite hostname="LAPTOP-TLEH141H" name="Test" tests="7" failures="0" timestamp="7 Jan 2020 23:28:55 GMT" time="15.114" errors="0">
  <testcase name="POST_createsession" time="3.951" classname="B2BAutomation.CAPEXTest"/>
  <testcase name="get_balance" time="1.043" classname="B2BAutomation.CAPEXTest"/>
  <testcase name="get_catalog" time="1.07" classname="B2BAutomation.CAPEXTest"/>
  <testcase name="put_createorder" time="1.526" classname="B2BAutomation.CAPEXTest"/>
  <testcase name="post_confirmorder" time="4.788" classname="B2BAutomation.CAPEXTest"/>
  <testcase name="get_order_details" time="1.189" classname="B2BAutomation.CAPEXTest"/>
  <testcase name="post_suggestedrate" time="0.929" classname="B2BAutomation.CAPEXTest"/>
</testsuite> <!-- Test -->
