<?xml version="1.0" encoding="UTF-8"?>
<testsuite xmlns:xsi="http://www.w3.org/2001/XMLSchema-instance" xsi:noNamespaceSchemaLocation="https://maven.apache.org/surefire/maven-surefire-plugin/xsd/surefire-test-report-3.0.xsd" version="3.0" name="TestSuite" time="20.608" tests="7" errors="0" skipped="0" failures="0">
  <properties>
[...]
</properties>
  <testcase name="POST_createsession" classname="B2BAutomation.CAPEXTest" time="3.882"/>
  <testcase name="get_balance" classname="B2BAutomation.CAPEXTest" time="0.487"/>
  <testcase name="get_catalog" classname="B2BAutomation.CAPEXTest" time="2.066"/>
  <testcase name="put_createorder" classname="B2BAutomation.CAPEXTest" time="0.622"/>
  <testcase name="post_confirmorder" classname="B2BAutomation.CAPEXTest" time="2.923"/>
  <testcase name="get_order_details" classname="B2BAutomation.CAPEXTest" time="0.861"/>
  <testcase name="post_suggestedrate" classname="B2BAutomation.CAPEXTest" time="0.194"/>
</testsuite>