<?xml version="1.0" encoding="UTF-8"?>
<testng-results skipped="0" failed="0" total="1" passed="1">
  <reporter-output>
  </reporter-output>
  <suite name="Default suite" duration-ms="7077" started-at="2020-03-06T00:32:56Z" finished-at="2020-03-06T00:33:03Z">
    <groups>
    </groups>
    <test name="Default test" duration-ms="7077" started-at="2020-03-06T00:32:56Z" finished-at="2020-03-06T00:33:03Z">
      <class name="net.javaguides.maven_web_project.welcometointernet.first2">
        <test-method status="PASS" signature="screenshot()[pri:0, instance:net.javaguides.maven_web_project.welcometointernet.first2@1794d431]" name="screenshot" duration-ms="7024" started-at="2020-03-05T18:32:56Z" finished-at="2020-03-05T18:33:03Z">
          <reporter-output>
          </reporter-output>
        </test-method> <!-- screenshot -->
      </class> <!-- net.javaguides.maven_web_project.welcometointernet.first2 -->
    </test> <!-- Default test -->
  </suite> <!-- Default suite -->
</testng-results>
